<?xml version="1.0" encoding="utf-8"?><testsuites><testsuite name="pytest" errors="0" failures="0" skipped="0" tests="8" time="4.059" timestamp="2023-11-15T13:16:27.100711" hostname="userpc"><testcase classname="test_positive.TestPositive" name="test_step1" time="0.705" /><testcase classname="test_positive.TestPositive" name="test_step2" time="0.710" /><testcase classname="test_positive.TestPositive" name="test_step3" time="0.010" /><testcase classname="test_positive.TestPositive" name="test_step4" time="0.671" /><testcase classname="test_positive.TestPositive" name="test_step5" time="0.707" /><testcase classname="test_positive.TestPositive" name="test_step6" time="0.864" /><testcase classname="test_positive.TestPositive" name="test_step7" time="0.005" /><testcase classname="test_positive.TestPositive" name="test_step8" time="0.346" /></testsuite></testsuites>